<?xml version="1.0" encoding="UTF-8"?>
<testsuites>
  <testsuite id="0" name="C:\Users\osval\Downloads\Test Job\Another\4d03a120-e132-4983-a5d8-cfd48ddffe4a\src\tests\App.test.js" errors="0" package="C:\Users\osval\Downloads\Test Job\Another\4d03a120-e132-4983-a5d8-cfd48ddffe4a\src\tests\App.test.js" hostname="localhost" tests="8" failures="0" time="3.282" timestamp="2020-03-22T03:45:39">
    <properties>
    </properties>
    <testcase classname="Form Validation &lt;App /&gt;" name="renders without crashing" time="0">
    </testcase>
    <testcase classname="Form Validation &lt;App /&gt;" name="check default message" time="0">
    </testcase>
    <testcase classname="Form Validation &lt;App /&gt;" name="check if all forms fields exist" time="0">
    </testcase>
    <testcase classname="Form Validation &lt;App /&gt;" name="check entire form validation when the form is valid" time="0">
    </testcase>
    <testcase classname="Form Validation &lt;App /&gt;" name="check entire form validation when the phone number is invalid" time="0">
    </testcase>
    <testcase classname="Form Validation &lt;App /&gt;" name="check entire form validation when the email is invalid" time="0">
    </testcase>
    <testcase classname="Form Validation &lt;App /&gt;" name="check entire form validation when the url is invalid" time="0">
    </testcase>
    <testcase classname="Form Validation &lt;App /&gt;" name="check form validation when the entire form is invalid" time="0">
    </testcase>
    <system-out/>
    <system-err/>
  </testsuite>
</testsuites>